11:53:04.162 [main] INFO  testCases.TC003_LoginDDT {36} - hp object created
11:53:15.414 [main] INFO  testCases.TC003_LoginDDT {36} - ******Starting TC003_LoginDDT*********
11:53:15.414 [main] INFO  testCases.TC003_LoginDDT {36} - hp object created
11:53:17.410 [main] INFO  testCases.TC003_LoginDDT {36} - ******Starting TC003_LoginDDT*********
11:53:17.411 [main] INFO  testCases.TC003_LoginDDT {36} - hp object created
11:53:19.473 [main] INFO  testCases.TC003_LoginDDT {36} - ******Starting TC003_LoginDDT*********
11:53:19.473 [main] INFO  testCases.TC003_LoginDDT {36} - hp object created
11:53:30.924 [main] INFO  testCases.TC003_LoginDDT {36} - ******Finished TC003_LoginDDT*********
11:53:30.934 [main] INFO  testCases.TC003_LoginDDT {36} - ******Starting TC003_LoginDDT*********
11:53:30.934 [main] INFO  testCases.TC003_LoginDDT {36} - hp object created
11:55:16.715 [main] INFO  org.testng.internal.Utils {36} - [TestNG] Running:
  C:\Users\Bujji\eclipse-workspace\opencartv121\Master.xml

11:55:16.757 [main] INFO  testCases.TC003_LoginDDT {36} - PROGRAM STRATED******************
11:55:20.863 [main] INFO  testCases.TC003_LoginDDT {36} - ******Starting TC003_LoginDDT*********
11:55:20.887 [main] INFO  testCases.TC003_LoginDDT {36} - hp object created
11:55:32.111 [main] INFO  testCases.TC003_LoginDDT {36} - ******Starting TC003_LoginDDT*********
11:55:32.111 [main] INFO  testCases.TC003_LoginDDT {36} - hp object created
11:55:34.098 [main] INFO  testCases.TC003_LoginDDT {36} - ******Starting TC003_LoginDDT*********
11:55:34.099 [main] INFO  testCases.TC003_LoginDDT {36} - hp object created
11:55:36.014 [main] INFO  testCases.TC003_LoginDDT {36} - ******Starting TC003_LoginDDT*********
11:55:36.015 [main] INFO  testCases.TC003_LoginDDT {36} - hp object created
11:55:47.168 [main] INFO  testCases.TC003_LoginDDT {36} - ******Finished TC003_LoginDDT*********
11:55:47.175 [main] INFO  testCases.TC003_LoginDDT {36} - ******Starting TC003_LoginDDT*********
11:55:47.175 [main] INFO  testCases.TC003_LoginDDT {36} - hp object created
12:03:55.562 [main] INFO  org.testng.internal.Utils {36} - [TestNG] Running:
  C:\Users\Bujji\eclipse-workspace\opencartv121\Master.xml

12:03:55.603 [main] INFO  testCases.TC003_LoginDDT {36} - PROGRAM STRATED******************
12:04:00.019 [main] INFO  testCases.TC003_LoginDDT {36} - ******Starting TC003_LoginDDT*********
12:04:00.039 [main] INFO  testCases.TC003_LoginDDT {36} - hp object created
12:04:11.342 [main] INFO  testCases.TC003_LoginDDT {36} - ******Starting TC003_LoginDDT*********
12:04:11.343 [main] INFO  testCases.TC003_LoginDDT {36} - hp object created
12:04:13.390 [main] INFO  testCases.TC003_LoginDDT {36} - ******Starting TC003_LoginDDT*********
12:04:13.391 [main] INFO  testCases.TC003_LoginDDT {36} - hp object created
12:04:15.359 [main] INFO  testCases.TC003_LoginDDT {36} - ******Starting TC003_LoginDDT*********
12:04:15.360 [main] INFO  testCases.TC003_LoginDDT {36} - hp object created
12:04:26.636 [main] INFO  testCases.TC003_LoginDDT {36} - ******Finished TC003_LoginDDT*********
12:04:26.643 [main] INFO  testCases.TC003_LoginDDT {36} - ******Starting TC003_LoginDDT*********
12:04:26.644 [main] INFO  testCases.TC003_LoginDDT {36} - hp object created
12:06:40.532 [main] INFO  org.testng.internal.Utils {36} - [TestNG] Running:
  C:\Users\Bujji\eclipse-workspace\opencartv121\Master.xml

12:06:40.577 [main] INFO  testCases.TC003_LoginDDT {36} - PROGRAM STRATED******************
12:06:44.692 [main] INFO  testCases.TC003_LoginDDT {36} - ******Starting TC003_LoginDDT*********
12:06:44.708 [main] INFO  testCases.TC003_LoginDDT {36} - hp object created
12:06:56.111 [main] INFO  testCases.TC003_LoginDDT {36} - ******Starting TC003_LoginDDT*********
12:06:56.112 [main] INFO  testCases.TC003_LoginDDT {36} - hp object created
12:06:58.425 [main] INFO  testCases.TC003_LoginDDT {36} - ******Starting TC003_LoginDDT*********
12:06:58.426 [main] INFO  testCases.TC003_LoginDDT {36} - hp object created
12:07:00.500 [main] INFO  testCases.TC003_LoginDDT {36} - ******Starting TC003_LoginDDT*********
12:07:00.501 [main] INFO  testCases.TC003_LoginDDT {36} - hp object created
12:07:11.649 [main] INFO  testCases.TC003_LoginDDT {36} - ******Finished TC003_LoginDDT*********
12:07:11.657 [main] INFO  testCases.TC003_LoginDDT {36} - ******Starting TC003_LoginDDT*********
12:07:11.658 [main] INFO  testCases.TC003_LoginDDT {36} - hp object created
12:09:14.114 [main] INFO  org.testng.internal.Utils {36} - [TestNG] Running:
  C:\Users\Bujji\eclipse-workspace\opencartv121\Master.xml

12:09:14.166 [main] INFO  testCases.TC003_LoginDDT {36} - PROGRAM STRATED******************
12:09:18.061 [main] INFO  testCases.TC003_LoginDDT {36} - ******Starting TC003_LoginDDT*********
12:09:18.078 [main] INFO  testCases.TC003_LoginDDT {36} - hp object created
12:09:29.398 [main] INFO  testCases.TC003_LoginDDT {36} - ******Starting TC003_LoginDDT*********
12:09:29.399 [main] INFO  testCases.TC003_LoginDDT {36} - hp object created
