15:54:43.814 [main] INFO  org.testng.internal.Utils {36} - [TestNG] Running:
  C:\Users\Bujji\eclipse-workspace\opencartv121\grouping.xml

15:54:43.987 [main] INFO  testCases.TC001_AccountRegistrationPage {36} - PROGRAM STRATED******************
15:54:47.288 [main] INFO  testCases.TC001_AccountRegistrationPage {36} - ********starting TC001 AccountRegistartionPage ********
15:54:47.412 [main] INFO  testCases.TC001_AccountRegistrationPage {36} - Clicked on MyAccount Link
15:54:47.946 [main] INFO  testCases.TC001_AccountRegistrationPage {36} - Clicked on clickRegister Link
15:54:47.948 [main] INFO  testCases.TC001_AccountRegistrationPage {36} - providing customer details
15:54:49.204 [main] INFO  testCases.TC001_AccountRegistrationPage {36} - Validating expected message
15:54:49.239 [main] INFO  testCases.TC001_AccountRegistrationPage {36} - ***finished TC001 AccountRegistartionPage ****
15:54:49.419 [main] INFO  testCases.TC002_LoginTest {36} - PROGRAM STRATED******************
15:54:52.082 [main] INFO  testCases.TC002_LoginTest {36} - *******Starting TC002_LoginTest************
15:54:53.781 [main] INFO  testCases.TC002_LoginTest {36} - *******Finishing TC002_LoginTest************"
15:55:26.985 [main] INFO  org.testng.internal.Utils {36} - [TestNG] Running:
  C:\Users\Bujji\eclipse-workspace\opencartv121\grouping.xml

15:55:27.171 [main] INFO  testCases.TC001_AccountRegistrationPage {36} - PROGRAM STRATED******************
15:55:30.311 [main] INFO  testCases.TC001_AccountRegistrationPage {36} - ********starting TC001 AccountRegistartionPage ********
15:55:30.436 [main] INFO  testCases.TC001_AccountRegistrationPage {36} - Clicked on MyAccount Link
15:55:31.038 [main] INFO  testCases.TC001_AccountRegistrationPage {36} - Clicked on clickRegister Link
15:55:31.039 [main] INFO  testCases.TC001_AccountRegistrationPage {36} - providing customer details
15:55:32.504 [main] INFO  testCases.TC001_AccountRegistrationPage {36} - Validating expected message
15:55:32.557 [main] INFO  testCases.TC001_AccountRegistrationPage {36} - ***finished TC001 AccountRegistartionPage ****
15:55:32.740 [main] INFO  testCases.TC002_LoginTest {36} - PROGRAM STRATED******************
15:55:35.433 [main] INFO  testCases.TC002_LoginTest {36} - *******Starting TC002_LoginTest************
16:01:26.861 [main] INFO  org.testng.internal.Utils {36} - [TestNG] Running:
  C:\Users\Bujji\eclipse-workspace\opencartv121\grouping.xml

16:01:27.041 [main] INFO  testCases.TC001_AccountRegistrationPage {36} - PROGRAM STRATED******************
16:01:30.289 [main] INFO  testCases.TC001_AccountRegistrationPage {36} - ********starting TC001 AccountRegistartionPage ********
16:01:30.418 [main] INFO  testCases.TC001_AccountRegistrationPage {36} - Clicked on MyAccount Link
16:01:30.958 [main] INFO  testCases.TC001_AccountRegistrationPage {36} - Clicked on clickRegister Link
16:01:30.959 [main] INFO  testCases.TC001_AccountRegistrationPage {36} - providing customer details
16:01:32.266 [main] INFO  testCases.TC001_AccountRegistrationPage {36} - Validating expected message
16:01:32.291 [main] INFO  testCases.TC001_AccountRegistrationPage {36} - ***finished TC001 AccountRegistartionPage ****
16:01:32.495 [main] INFO  testCases.TC002_LoginTest {36} - PROGRAM STRATED******************
16:01:35.174 [main] INFO  testCases.TC002_LoginTest {36} - *******Starting TC002_LoginTest************
16:04:03.530 [main] INFO  org.testng.internal.Utils {36} - [TestNG] Running:
  C:\Users\Bujji\eclipse-workspace\opencartv121\grouping.xml

16:04:03.716 [main] INFO  testCases.TC001_AccountRegistrationPage {36} - PROGRAM STRATED******************
16:04:06.770 [main] INFO  testCases.TC001_AccountRegistrationPage {36} - ********starting TC001 AccountRegistartionPage ********
16:04:06.893 [main] INFO  testCases.TC001_AccountRegistrationPage {36} - Clicked on MyAccount Link
16:04:07.427 [main] INFO  testCases.TC001_AccountRegistrationPage {36} - Clicked on clickRegister Link
16:04:07.428 [main] INFO  testCases.TC001_AccountRegistrationPage {36} - providing customer details
16:04:08.744 [main] INFO  testCases.TC001_AccountRegistrationPage {36} - Validating expected message
16:04:08.779 [main] INFO  testCases.TC001_AccountRegistrationPage {36} - ***finished TC001 AccountRegistartionPage ****
16:04:08.947 [main] INFO  testCases.TC002_LoginTest {36} - PROGRAM STRATED******************
16:04:11.565 [main] INFO  testCases.TC002_LoginTest {36} - *******Starting TC002_LoginTest************
16:09:42.958 [main] INFO  org.testng.internal.Utils {36} - [TestNG] Running:
  C:\Users\Bujji\eclipse-workspace\opencartv121\grouping.xml

16:09:43.143 [main] INFO  testCases.TC001_AccountRegistrationPage {36} - PROGRAM STRATED******************
16:09:46.388 [main] INFO  testCases.TC001_AccountRegistrationPage {36} - ********starting TC001 AccountRegistartionPage ********
16:09:46.537 [main] INFO  testCases.TC001_AccountRegistrationPage {36} - Clicked on MyAccount Link
16:09:47.083 [main] INFO  testCases.TC001_AccountRegistrationPage {36} - Clicked on clickRegister Link
